<?xml version="1.0" encoding="UTF-8"?>
<!-- Generated by org.testng.reporters.JUnitXMLReporter -->
<testsuite hostname="Viktor" name="Test" tests="2" failures="1" timestamp="14 Sep 2016 22:05:08 GMT" time="17.246" errors="0">
  <testcase name="testLoginWithCorrectPassword" time="6.964" classname="suites.pruebaParalelo"/>
  <testcase name="testLoginwithInCorrectPassword" time="5.659" classname="suites.pruebaParalelo">
    <failure type="org.openqa.selenium.WebDriverException" message="Error communicating with the remote browser. It may have died.
Build info: version: &amp;apos;2.47.1&amp;apos;, revision: &amp;apos;411b314&amp;apos;, time: &amp;apos;2015-07-30 03:03:16&amp;apos;
System info: host: &amp;apos;Viktor&amp;apos;, ip: &amp;apos;192.168.230.1&amp;apos;, os.name: &amp;apos;Windows 7&amp;apos;, os.arch: &amp;apos;amd64&amp;apos;, os.version: &amp;apos;6.1&amp;apos;, java.version: &amp;apos;1.8.0_31&amp;apos;
Driver info: driver.version: EventFiringWebDriver
Command duration or timeout: 3.65 seconds
Build info: version: &amp;apos;2.44.0&amp;apos;, revision: &amp;apos;76d78cf&amp;apos;, time: &amp;apos;2014-10-23 20:03:00&amp;apos;
System info: host: &amp;apos;Viktor&amp;apos;, ip: &amp;apos;192.168.230.1&amp;apos;, os.name: &amp;apos;Windows 7&amp;apos;, os.arch: &amp;apos;amd64&amp;apos;, os.version: &amp;apos;6.1&amp;apos;, java.version: &amp;apos;1.8.0&amp;apos;
Driver info: org.openqa.selenium.remote.RemoteWebDriver
Capabilities [{applicationCacheEnabled=true, rotatable=false, handlesAlerts=true, databaseEnabled=true, version=33.0, platform=WINDOWS, nativeEvents=true, acceptSslCerts=true, webdriver.remote.sessionid=2ed349fd-f4b6-45f1-86e7-8c34c16e018e, webStorageEnabled=true, locationContextEnabled=true, browserName=firefox, takesScreenshot=true, javascriptEnabled=true, cssSelectorsEnabled=true}]
Session ID: 2ed349fd-f4b6-45f1-86e7-8c34c16e018e">
      <![CDATA[org.openqa.selenium.WebDriverException: Error communicating with the remote browser. It may have died.
Build info: version: '2.47.1', revision: '411b314', time: '2015-07-30 03:03:16'
System info: host: 'Viktor', ip: '192.168.230.1', os.name: 'Windows 7', os.arch: 'amd64', os.version: '6.1', java.version: '1.8.0_31'
Driver info: driver.version: EventFiringWebDriver
Command duration or timeout: 3.65 seconds
Build info: version: '2.44.0', revision: '76d78cf', time: '2014-10-23 20:03:00'
System info: host: 'Viktor', ip: '192.168.230.1', os.name: 'Windows 7', os.arch: 'amd64', os.version: '6.1', java.version: '1.8.0'
Driver info: org.openqa.selenium.remote.RemoteWebDriver
Capabilities [{applicationCacheEnabled=true, rotatable=false, handlesAlerts=true, databaseEnabled=true, version=33.0, platform=WINDOWS, nativeEvents=true, acceptSslCerts=true, webdriver.remote.sessionid=2ed349fd-f4b6-45f1-86e7-8c34c16e018e, webStorageEnabled=true, locationContextEnabled=true, browserName=firefox, takesScreenshot=true, javascriptEnabled=true, cssSelectorsEnabled=true}]
Session ID: 2ed349fd-f4b6-45f1-86e7-8c34c16e018e
	at org.openqa.selenium.remote.ErrorHandler.createThrowable(ErrorHandler.java:204)
	at org.openqa.selenium.remote.ErrorHandler.throwIfResponseFailed(ErrorHandler.java:156)
	at org.openqa.selenium.remote.RemoteWebDriver.execute(RemoteWebDriver.java:599)
	at org.openqa.selenium.remote.RemoteWebDriver.get(RemoteWebDriver.java:304)
	at org.openqa.selenium.remote.RemoteWebDriver$RemoteNavigation.to(RemoteWebDriver.java:846)
	at suites.pruebaParalelo.testLoginwithInCorrectPassword(pruebaParalelo.java:51)
	at java.util.concurrent.ThreadPoolExecutor.runWorker(ThreadPoolExecutor.java:1142)
	at java.util.concurrent.ThreadPoolExecutor$Worker.run(ThreadPoolExecutor.java:617)
	at java.lang.Thread.run(Thread.java:744)
Caused by: org.openqa.selenium.remote.UnreachableBrowserException: Error communicating with the remote browser. It may have died.
Build info: version: '2.47.1', revision: '411b314', time: '2015-07-30 03:03:16'
System info: host: 'Viktor', ip: '192.168.230.1', os.name: 'Windows 7', os.arch: 'amd64', os.version: '6.1', java.version: '1.8.0_31'
Driver info: driver.version: EventFiringWebDriver
Build info: version: '2.44.0', revision: '76d78cf', time: '2014-10-23 20:03:00'
System info: host: 'Viktor', ip: '192.168.230.1', os.name: 'Windows 7', os.arch: 'amd64', os.version: '6.1', java.version: '1.8.0'
Driver info: driver.version: unknown
... Removed 14 stack frames]]>
    </failure>
  </testcase> <!-- testLoginwithInCorrectPassword -->
</testsuite> <!-- Test -->
